字体自动缩小汇总
生成时间：2026-06-29 02:40:11
HTML：.\data\output\0629-full\output_*.html
输出格式：jpg
输出尺寸：2000x1800
JPEG质量：100

字体自动缩小汇总 output_001.html：296 处
  按列统计：MODEL=20, TYPE=30, YEAR=246
  MODEL："A4 allroad qtro" x1 -> 17.25px
  MODEL："A6 allroad qtro" x1 -> 17.25px
  MODEL："Crown Victoria" x1 -> 17.25px
  MODEL："Discovery Sport" x1 -> 16px
  MODEL："etron GT/RS GT" x1 -> 16.5px
  MODEL："etron GT/S/RS" x1 -> 17.5px
  MODEL："e-tron/S e-tron" x1 -> 16.5px
  MODEL："Grd Highlander" x1 -> 16.75px
  MODEL："LandCruiser 250" x1 -> 15.5px
  MODEL："Montero Sport" x1 -> 17.75px
  MODEL："Mustang Mach-E" x1 -> 14.75px
  MODEL："Outlander Sport" x1 -> 16px
  MODEL："Q6/SQ6 e-tron" x1 -> 17.5px
  MODEL："Q8/SQ8/RS Q8" x1 -> 17.25px
  MODEL："RangeRov Evoque" x3 -> 14.25px
  MODEL："RangeRov Sport" x1 -> 15.75px
  MODEL："RangeRov Velar" x1 -> 16.25px
  MODEL："Town & Country" x1 -> 16.25px
  TYPE："4dr SUV Inc:Badlands" x1 -> 14px
  TYPE："4dr SUV Inc:Raptor" x1 -> 16px
  TYPE："Conv/Coupe/Fastbk" x2 -> 14.75px
  TYPE："Conv/Cpe Inc:Mach1" x1 -> 14.75px
  TYPE："Convertible/Coupe" x4 -> 15.75px
  TYPE："Coupe/Conv Inc:SVO" x1 -> 14.5px
  TYPE："Coupe/Convertible" x7 -> 15.75px
  TYPE："Cp/Conv Inc:AllTrac" x1 -> 15.25px
  TYPE："Cpe SUV/CUV Inc:Rally" x1 -> 13px
  TYPE："Cpe/Conv Inc:Spyder" x1 -> 14.25px
  TYPE："Hatch Inc:ZX3/ZX5/RS" x1 -> 13.25px
  TYPE："Hatch/Wagon Inc:4WD" x1 -> 13.25px
  TYPE："Hatchback Inc:ST" x1 -> 17.25px
  TYPE："Hatchback Type R" x1 -> 16.75px
  TYPE："Hatchback/Wagon" x1 -> 16px
  TYPE："Minivan Inc:Woodland" x1 -> 13.75px
  TYPE："Sedan Incl: 300M" x1 -> 17.75px
  TYPE："SUV 110/110 OCTA" x1 -> 17.5px
  TYPE："Wagon/Hatchback" x1 -> 16px
  TYPE："Wgn/Hatch Inc:GR" x1 -> 16.25px
  YEAR："1958-1966" x1 -> 16.5px
  YEAR："1958-1990" x1 -> 16.5px
  YEAR："1965-1966" x1 -> 16.5px
  YEAR："1966-1977" x1 -> 17px
  YEAR："1967-1972" x1 -> 17.25px
  YEAR："1968-1974" x1 -> 16.75px
  YEAR："1968-2026" x2 -> 16px
  YEAR："1971-1999" x1 -> 17.5px
  YEAR："1973-2021" x1 -> 17px
  YEAR："1973-2026" x1 -> 16.5px
  YEAR："1974-1978" x1 -> 17.25px
  YEAR："1974-1998" x1 -> 16.75px
  YEAR："1976-1989" x1 -> 17px
  YEAR："1978-1979" x1 -> 17.25px
  YEAR："1979-1982" x1 -> 17px
  YEAR："1979-1989" x1 -> 16.75px
  YEAR："1979-1993" x1 -> 16.75px
  YEAR："1979-1998" x1 -> 16.75px
  YEAR："1980-1982" x1 -> 16.5px
  YEAR："1980-1986" x1 -> 16.25px
  YEAR："1980-1988" x1 -> 16.25px
  YEAR："1980-1991" x1 -> 17px
  YEAR："1980-1999" x1 -> 16.25px
  YEAR："1981-1999" x1 -> 17px
  YEAR："1981-2002" x1 -> 16.5px
  YEAR："1983-1986" x1 -> 16.25px
  YEAR："1983-1987" x1 -> 16.75px
  YEAR："1983-1990" x1 -> 16.25px
  YEAR："1983-1991" x1 -> 17px
  YEAR："1983-1993" x1 -> 16.25px
  YEAR："1983-2011" x1 -> 17.25px
  YEAR："1984-1995" x1 -> 16.5px
  YEAR："1985-2005" x1 -> 16px
  YEAR："1986-1991" x1 -> 17px
  YEAR："1986-2005" x1 -> 15.75px
  YEAR："1987-1992" x1 -> 16.75px
  YEAR："1987-1996" x2 -> 16.75px
  YEAR："1988-1989" x1 -> 16.25px
  YEAR："1988-1991" x2 -> 17px
  YEAR："1989-1990" x1 -> 16.25px
  YEAR："1989-1997" x1 -> 16.75px
  YEAR："1989-2012" x1 -> 16.5px
  YEAR："1990-1997" x1 -> 16.75px
  YEAR："1990-1999" x1 -> 16.5px
  YEAR："1990-2007" x1 -> 16.25px
  YEAR："1990-2016" x1 -> 16.5px
  YEAR："1990-2017" x1 -> 16.75px
  YEAR："1991-1994" x1 -> 17px
  YEAR："1991-1999" x1 -> 17.25px
  YEAR："1991-2021" x1 -> 17.5px
  YEAR："1992-1993" x1 -> 16.5px
  YEAR："1992-1996" x1 -> 16.5px
  YEAR："1992-2017" x1 -> 17px
  YEAR："1992-2019" x1 -> 16.75px
  YEAR："1992-2020" x1 -> 16px
  YEAR："1993-1997" x1 -> 16.75px
  YEAR："1993-2002" x1 -> 16px
  YEAR："1994-2001" x1 -> 16.5px
  YEAR："1994-2002" x1 -> 16px
  YEAR："1994-2004" x2 -> 15.75px
  YEAR："1994-2026" x1 -> 16px
  YEAR："1995-1996" x1 -> 16.5px
  YEAR："1995-1998" x1 -> 16.5px
  YEAR："1995-1999" x2 -> 16.5px
  YEAR："1995-2000" x1 -> 16px
  YEAR："1995-2001" x1 -> 16.5px
  YEAR："1995-2004" x1 -> 16px
  YEAR："1995-2025" x1 -> 16px
  YEAR："1995-2026" x1 -> 16px
  YEAR："1996-1997" x1 -> 16.75px
  YEAR："1996-2002" x1 -> 16px
  YEAR："1996-2003" x1 -> 16px
  YEAR："1996-2005" x1 -> 16px
  YEAR："1996-2010" x1 -> 16.5px
  YEAR："1997-2001" x1 -> 17px
  YEAR："1997-2004" x1 -> 16.25px
  YEAR："1997-2005" x1 -> 16.25px
  YEAR："1997-2017" x1 -> 17.25px
  YEAR："1997-2026" x2 -> 16.25px
  YEAR："1998-2003" x1 -> 15.75px
  YEAR："1998-2004" x1 -> 15.75px
  YEAR："1998-2026" x3 -> 16px
  YEAR："1999-2000" x1 -> 16px
  YEAR："1999-2004" x1 -> 15.75px
  YEAR："1999-2008" x1 -> 15.75px
  YEAR："1999-2023" x1 -> 16px
  YEAR："1999-2026" x1 -> 16px
  YEAR："2000-2001" x1 -> 16px
  YEAR："2000-2005" x3 -> 15.5px
  YEAR："2000-2006" x2 -> 15.5px
  YEAR："2000-2007" x1 -> 15.75px
  YEAR："2000-2009" x1 -> 15.5px
  YEAR："2000-2010" x1 -> 16px
  YEAR："2000-2012" x1 -> 16px
  YEAR："2000-2014" x1 -> 16px
  YEAR："2000-2018" x1 -> 16px
  YEAR："2000-2026" x1 -> 15.5px
  YEAR："2001-2003" x1 -> 16px
  YEAR："2001-2004" x2 -> 16px
  YEAR："2001-2006" x1 -> 16px
  YEAR："2001-2007" x1 -> 16.25px
  YEAR："2001-2010" x2 -> 16.75px
  YEAR："2001-2012" x1 -> 16.75px
  YEAR："2001-2025" x1 -> 16.25px
  YEAR："2001-2026" x1 -> 16px
  YEAR："2002-2005" x2 -> 15.5px
  YEAR："2002-2012" x1 -> 16.25px
  YEAR："2002-2017" x1 -> 16.25px
  YEAR："2002-2025" x1 -> 15.5px
  YEAR："2002-2026" x1 -> 15.5px
  YEAR："2003-2009" x1 -> 15.25px
  YEAR："2003-2013" x1 -> 16px
  YEAR："2003-2021" x1 -> 16px
  YEAR："2003-2026" x3 -> 15.5px
  YEAR："2004-2008" x3 -> 15.25px
  YEAR："2004-2009" x1 -> 15.25px
  YEAR："2004-2011" x1 -> 16.75px
  YEAR："2004-2015" x1 -> 16px
  YEAR："2005-2007" x2 -> 15.75px
  YEAR："2005-2009" x1 -> 15.5px
  YEAR："2005-2022" x1 -> 15.5px
  YEAR："2005-2023" x1 -> 15.5px
  YEAR："2006-2013" x1 -> 16px
  YEAR："2006-2020" x1 -> 15.5px
  YEAR："2006-2026" x2 -> 15.5px
  YEAR："2007-2008" x1 -> 15.5px
  YEAR："2007-2009" x1 -> 15.75px
  YEAR："2007-2014" x1 -> 16.25px
  YEAR："2007-2019" x1 -> 16.25px
  YEAR："2007-2020" x3 -> 15.75px
  YEAR："2007-2026" x1 -> 15.75px
  YEAR："2008-2015" x1 -> 16px
  YEAR："2008-2023" x2 -> 15.5px
  YEAR："2008-2024" x1 -> 15.5px
  YEAR："2008-2026" x2 -> 15.5px
  YEAR："2009-2013" x1 -> 16px
  YEAR："2009-2015" x1 -> 16px
  YEAR："2010-2015" x1 -> 16.75px
  YEAR："2010-2016" x1 -> 16.75px
  YEAR："2010-2024" x1 -> 16px
  YEAR："2010-2025" x1 -> 16.25px
  YEAR："2011-2014" x4 -> 17.25px
  YEAR："2011-2015" x1 -> 17.5px
  YEAR："2011-2016" x1 -> 17.5px
  YEAR："2011-2019" x2 -> 17.5px
  YEAR："2011-2025" x1 -> 16.75px
  YEAR："2011-2026" x1 -> 16.75px
  YEAR："2012-2015" x1 -> 16.75px
  YEAR："2012-2016" x1 -> 16.75px
  YEAR："2012-2017" x2 -> 17px
  YEAR："2012-2018" x1 -> 16.75px
  YEAR："2012-2019" x1 -> 16.75px
  YEAR："2012-2025" x1 -> 16.25px
  YEAR："2013-2018" x1 -> 16.5px
  YEAR："2013-2024" x1 -> 16px
  YEAR："2013-2025" x1 -> 16.25px
  YEAR："2013-2026" x1 -> 16px
  YEAR："2014-2024" x1 -> 16px
  YEAR："2014-2026" x2 -> 16px
  YEAR："2015-2016" x1 -> 16.75px
  YEAR："2015-2017" x2 -> 17px
  YEAR："2015-2026" x2 -> 16.25px
  YEAR："2016-2018" x1 -> 16.5px
  YEAR："2016-2024" x1 -> 16px
  YEAR："2016-2026" x2 -> 16px
  YEAR："2017-2018" x2 -> 16.75px
  YEAR："2017-2019" x1 -> 17px
  YEAR："2017-2021" x1 -> 17px
  YEAR："2017-2024" x1 -> 16.25px
  YEAR："2017-2026" x5 -> 16.25px
  YEAR："2018-2021" x1 -> 16.75px
  YEAR："2018-2022" x2 -> 16px
  YEAR："2018-2024" x1 -> 16px
  YEAR："2018-2025" x1 -> 16px
  YEAR："2018-2026" x3 -> 16px
  YEAR："2019-2022" x1 -> 16.25px
  YEAR："2019-2023" x1 -> 16px
  YEAR："2019-2026" x1 -> 16px
  YEAR："2020-2026" x6 -> 15.5px
  YEAR："2021-2024" x1 -> 16.25px
  YEAR："2021-2026" x3 -> 16.25px
  YEAR："2022-2024" x1 -> 15.75px
  YEAR："2022-2026" x5 -> 15.75px
  YEAR："2023-2025" x1 -> 15.5px
  YEAR："2023-2026" x3 -> 15.5px
  YEAR："2024-2025" x1 -> 15.5px
  YEAR："2024-2026" x3 -> 15.5px
  YEAR："2025-2026" x3 -> 15.5px
字体自动缩小汇总 output_002.html：285 处
  按列统计：MODEL=10, TYPE=32, YEAR=243
  MODEL："Grand Cherokee" x6 -> 15.75px
  MODEL："Grand Marquis" x1 -> 17.5px
  MODEL："Grand Wagoneer" x2 -> 15.25px
  MODEL："Outback Sport" x1 -> 17.75px
  TYPE："Convertible/Coupe" x7 -> 15.75px
  TYPE："Coupe Inc:GT/GTZ" x1 -> 16.75px
  TYPE："Coupe Inc:IROC-Z/Z28" x1 -> 13.5px
  TYPE："Coupe Inc:Laguna S3" x1 -> 14.25px
  TYPE："Coupe/Conv Inc:Cielo" x1 -> 13.75px
  TYPE："Coupe/Conv Inc:ZR-1" x1 -> 14.25px
  TYPE："Coupe/Convertible" x5 -> 15.75px
  TYPE："Hatch Inc:Turbo/N" x1 -> 16.5px
  TYPE："Hatch/Sportback" x1 -> 17.25px
  TYPE："Sedan Impala SS" x1 -> 17.75px
  TYPE："Sedan Inc:5.0 R-Spec" x1 -> 14.25px
  TYPE："Wagon Inc:CrossCtry" x2 -> 14.25px
  TYPE："Wagon/Hatch Inc:XC" x1 -> 14.5px
  TYPE："Wagon/Hatch WRX/STI" x1 -> 13px
  TYPE："Wagon/Hatchback" x4 -> 16px
  TYPE："Wgn/Hbk Inc:OutbkS" x2 -> 14.5px
  TYPE："Wgn/Hbk Inc:Wildrns" x1 -> 14.25px
  YEAR："1935-1940" x1 -> 16.5px
  YEAR："1941-1959" x1 -> 17.25px
  YEAR："1952-1954" x2 -> 16.5px
  YEAR："1952-1956" x1 -> 16.75px
  YEAR："1953-1956" x1 -> 16.5px
  YEAR："1953-1957" x2 -> 16.75px
  YEAR："1954-1957" x1 -> 16.75px
  YEAR："1955-1958" x1 -> 16.5px
  YEAR："1957-1958" x1 -> 16.75px
  YEAR："1958-1966" x1 -> 16.5px
  YEAR："1958-1967" x1 -> 16.75px
  YEAR："1960-1969" x1 -> 16.5px
  YEAR："1961-1962" x1 -> 17.25px
  YEAR："1961-1964" x1 -> 17px
  YEAR："1962-1972" x2 -> 17px
  YEAR："1962-1979" x1 -> 17px
  YEAR："1963-1991" x1 -> 17.25px
  YEAR："1964-1967" x1 -> 16.75px
  YEAR："1964-1972" x2 -> 16.75px
  YEAR："1964-1974" x3 -> 17px
  YEAR："1966-1970" x1 -> 16.75px
  YEAR："1967-1969" x1 -> 16.75px
  YEAR："1967-1973" x1 -> 17.25px
  YEAR："1968-1982" x1 -> 16.5px
  YEAR："1969-1970" x2 -> 16.75px
  YEAR："1970-1972" x1 -> 17.25px
  YEAR："1970-1981" x1 -> 17.5px
  YEAR："1970-2026" x1 -> 16.25px
  YEAR："1971-1994" x1 -> 17.5px
  YEAR："1973-1976" x1 -> 17.5px
  YEAR："1973-1977" x2 -> 17.5px
  YEAR："1973-1979" x2 -> 17.25px
  YEAR："1974-1983" x1 -> 16.75px
  YEAR："1975-1977" x2 -> 17.5px
  YEAR："1978-1981" x1 -> 17.5px
  YEAR："1978-1983" x1 -> 16.75px
  YEAR："1978-1999" x1 -> 16.75px
  YEAR："1978-2025" x1 -> 16.25px
  YEAR："1979-1982" x1 -> 17px
  YEAR："1979-2011" x1 -> 17.75px
  YEAR："1980-1982" x1 -> 16.5px
  YEAR："1980-1997" x1 -> 16.75px
  YEAR："1980-2002" x1 -> 16px
  YEAR："1982-1984" x1 -> 16.25px
  YEAR："1982-2004" x1 -> 16px
  YEAR："1983-1986" x2 -> 16.25px
  YEAR："1983-1987" x1 -> 16.75px
  YEAR："1983-1988" x1 -> 16.25px
  YEAR："1983-2005" x1 -> 15.75px
  YEAR："1984-1991" x1 -> 17px
  YEAR："1984-2001" x1 -> 16.5px
  YEAR："1984-2004" x1 -> 15.75px
  YEAR："1985-1988" x1 -> 16.25px
  YEAR："1985-2015" x1 -> 16.5px
  YEAR："1986-2005" x1 -> 15.75px
  YEAR："1986-2009" x1 -> 15.75px
  YEAR："1987-1988" x1 -> 16.5px
  YEAR："1987-1995" x1 -> 16.75px
  YEAR："1987-1996" x2 -> 16.75px
  YEAR："1988-1999" x1 -> 16.25px
  YEAR："1988-2015" x1 -> 16.5px
  YEAR："1989-1998" x1 -> 16.25px
  YEAR："1989-2005" x1 -> 15.75px
  YEAR："1989-2019" x1 -> 16.5px
  YEAR："1990-1994" x1 -> 16.5px
  YEAR："1990-1999" x1 -> 16.5px
  YEAR："1990-2001" x1 -> 16.5px
  YEAR："1990-2007" x1 -> 16.25px
  YEAR："1991-1999" x1 -> 17.25px
  YEAR："1992-1994" x2 -> 16.5px
  YEAR："1992-2020" x1 -> 16px
  YEAR："1993-2023" x1 -> 16px
  YEAR："1993-2026" x1 -> 16px
  YEAR："1994-1995" x1 -> 16.5px
  YEAR："1994-1996" x1 -> 16.5px
  YEAR："1995-1996" x1 -> 16.5px
  YEAR："1995-1999" x1 -> 16.5px
  YEAR："1995-2000" x1 -> 16px
  YEAR："1995-2001" x1 -> 16.5px
  YEAR："1995-2004" x1 -> 16px
  YEAR："1995-2011" x1 -> 17.25px
  YEAR："1995-2017" x1 -> 16.75px
  YEAR："1995-2022" x1 -> 16.25px
  YEAR："1995-2026" x1 -> 16px
  YEAR："1996-1998" x1 -> 16.25px
  YEAR："1996-2005" x1 -> 16px
  YEAR："1996-2020" x1 -> 16px
  YEAR："1997-1998" x1 -> 16.75px
  YEAR："1997-2008" x1 -> 16.25px
  YEAR："1997-2010" x1 -> 17px
  YEAR："1997-2026" x2 -> 16.25px
  YEAR："1998-2000" x1 -> 15.75px
  YEAR："1998-2002" x1 -> 16px
  YEAR："1998-2004" x2 -> 15.75px
  YEAR："1998-2008" x1 -> 15.75px
  YEAR："1998-2010" x1 -> 16.5px
  YEAR："1999-2009" x1 -> 16px
  YEAR："1999-2013" x1 -> 16.5px
  YEAR："1999-2016" x1 -> 16.5px
  YEAR："2000-2001" x1 -> 16px
  YEAR："2000-2007" x1 -> 15.75px
  YEAR："2000-2011" x1 -> 16.75px
  YEAR："2000-2018" x1 -> 16px
  YEAR："2000-2025" x1 -> 15.5px
  YEAR："2001-2005" x1 -> 16px
  YEAR："2001-2006" x2 -> 16px
  YEAR："2001-2009" x1 -> 16px
  YEAR："2002-2003" x2 -> 15.5px
  YEAR："2002-2005" x1 -> 15.5px
  YEAR："2002-2007" x1 -> 15.75px
  YEAR："2002-2009" x1 -> 15.5px
  YEAR："2002-2012" x1 -> 16.25px
  YEAR："2002-2014" x1 -> 16px
  YEAR："2002-2026" x1 -> 15.5px
  YEAR："2003-2004" x1 -> 15.25px
  YEAR："2003-2016" x1 -> 16px
  YEAR："2003-2026" x1 -> 15.5px
  YEAR："2004-2006" x3 -> 15.25px
  YEAR："2004-2007" x1 -> 15.75px
  YEAR："2004-2008" x2 -> 15.25px
  YEAR："2004-2009" x1 -> 15.25px
  YEAR："2004-2011" x2 -> 16.75px
  YEAR："2004-2017" x1 -> 16.25px
  YEAR："2005-2009" x1 -> 15.5px
  YEAR："2005-2010" x2 -> 16px
  YEAR："2005-2011" x1 -> 16.75px
  YEAR："2005-2019" x1 -> 16px
  YEAR："2005-2021" x1 -> 16.25px
  YEAR："2005-2022" x1 -> 15.5px
  YEAR："2005-2024" x1 -> 15.5px
  YEAR："2005-2026" x1 -> 15.5px
  YEAR："2006-2010" x1 -> 16px
  YEAR："2006-2011" x1 -> 16.75px
  YEAR："2006-2013" x1 -> 16px
  YEAR："2006-2014" x1 -> 16px
  YEAR："2006-2017" x1 -> 16.25px
  YEAR："2007-2012" x2 -> 16.5px
  YEAR："2007-2013" x1 -> 16.25px
  YEAR："2007-2017" x1 -> 16.5px
  YEAR："2007-2018" x1 -> 16.25px
  YEAR："2007-2024" x1 -> 15.75px
  YEAR："2007-2026" x2 -> 15.75px
  YEAR："2008-2011" x1 -> 16.5px
  YEAR："2008-2013" x2 -> 16px
  YEAR："2008-2026" x1 -> 15.5px
  YEAR："2009-2012" x1 -> 16px
  YEAR："2009-2016" x1 -> 16px
  YEAR："2009-2017" x1 -> 16.25px
  YEAR："2009-2019" x1 -> 16px
  YEAR："2009-2026" x2 -> 15.5px
  YEAR："2010-2013" x1 -> 16.75px
  YEAR："2010-2026" x2 -> 16px
  YEAR："2011-2015" x1 -> 17.5px
  YEAR："2011-2016" x1 -> 17.5px
  YEAR："2011-2019" x1 -> 17.5px
  YEAR："2011-2025" x1 -> 16.75px
  YEAR："2012-2015" x1 -> 16.75px
  YEAR："2012-2020" x2 -> 16.25px
  YEAR："2012-2022" x1 -> 16.25px
  YEAR："2013-2018" x1 -> 16.5px
  YEAR："2013-2020" x2 -> 16px
  YEAR："2013-2022" x1 -> 16.25px
  YEAR："2013-2026" x2 -> 16px
  YEAR："2014-2017" x1 -> 17px
  YEAR："2014-2020" x1 -> 16px
  YEAR："2014-2024" x1 -> 16px
  YEAR："2014-2026" x1 -> 16px
  YEAR："2015-2018" x1 -> 16.75px
  YEAR："2015-2023" x1 -> 16.25px
  YEAR："2015-2026" x2 -> 16.25px
  YEAR："2016-2019" x1 -> 16.75px
  YEAR："2016-2024" x1 -> 16px
  YEAR："2017-2019" x1 -> 17px
  YEAR："2017-2022" x1 -> 16.5px
  YEAR："2017-2024" x2 -> 16.25px
  YEAR："2017-2025" x1 -> 16.5px
  YEAR："2017-2027" x1 -> 16.75px
  YEAR："2018-2026" x1 -> 16px
  YEAR："2019-2024" x1 -> 16px
  YEAR："2019-2025" x1 -> 16.25px
  YEAR："2019-2026" x3 -> 16px
  YEAR："2020-2026" x4 -> 15.5px
  YEAR："2021-2026" x5 -> 16.25px
  YEAR："2022-2023" x1 -> 15.75px
  YEAR："2022-2024" x2 -> 15.75px
  YEAR："2022-2025" x1 -> 15.75px
  YEAR："2022-2026" x3 -> 15.75px
  YEAR："2023-2025" x1 -> 15.5px
  YEAR："2023-2026" x3 -> 15.5px
  YEAR："2024-2026" x3 -> 15.5px
  YEAR："2025-2026" x5 -> 15.5px
字体自动缩小汇总 output_003.html：266 处
  按列统计：TYPE=37, YEAR=229
  TYPE："2/4dr Hatch Inc:SE" x1 -> 16px
  TYPE："2dr Hatch/4dr Hatch" x1 -> 14.5px
  TYPE："Cnv/Cpe Inc:TransAm" x1 -> 13.75px
  TYPE："Conv Temp/LeMans" x1 -> 15px
  TYPE："Convertible/Coupe" x8 -> 15.75px
  TYPE："Coupe Duster/Scamp" x1 -> 13.75px
  TYPE："Coupe Inc:NISMO" x2 -> 17.25px
  TYPE："Coupe Inc:Widebody" x1 -> 14.75px
  TYPE："Coupe Temp/LeMans" x2 -> 14px
  TYPE："Coupe/Conv Inc:NISMO" x1 -> 12.75px
  TYPE："Coupe/Convertible" x1 -> 15.75px
  TYPE："Cpe SUV/CUV Inc:JCW" x1 -> 13.5px
  TYPE："Cpe/Conv/R Inc:GTS" x1 -> 14.75px
  TYPE："Hatchback Diesel" x1 -> 17px
  TYPE："Hatchback GTI/R" x1 -> 17.5px
  TYPE："Hatchback Inc:GTI" x1 -> 16.5px
  TYPE："Hatchback/Wagon" x2 -> 16px
  TYPE："Hbk/Wgn Inc:Safari" x1 -> 15.5px
  TYPE："Htop/Cpe Inc:Fury" x1 -> 16.5px
  TYPE："Minivan GrandCar/LWB" x1 -> 12.75px
  TYPE："Rdstr/Conv Inc:JCW" x1 -> 15.25px
  TYPE："Sportback/Wagon" x1 -> 16.5px
  TYPE："SUV Inc:Cross Sport" x1 -> 15px
  TYPE："SUV Inc:PRO-4X/NISMO" x1 -> 12.5px
  TYPE："SUV Inc:SRT/Hellcat" x1 -> 14.75px
  TYPE："Wagon Temp/LeMans" x1 -> 13.75px
  TYPE："Wagon Temp/Safari" x1 -> 15.25px
  YEAR："1936-1957" x1 -> 16.75px
  YEAR："1953-1979" x1 -> 17px
  YEAR："1956-1964" x1 -> 16.5px
  YEAR："1959-1961" x1 -> 17.25px
  YEAR："1959-1963" x1 -> 16.5px
  YEAR："1959-1966" x1 -> 16.5px
  YEAR："1960-1966" x1 -> 16.5px
  YEAR："1960-1972" x1 -> 17px
  YEAR："1961-1963" x2 -> 17.25px
  YEAR："1961-1964" x1 -> 17px
  YEAR："1961-1965" x1 -> 17.25px
  YEAR："1963-1965" x1 -> 16.5px
  YEAR："1963-1972" x2 -> 17px
  YEAR："1964-1965" x1 -> 16.5px
  YEAR："1964-1966" x1 -> 16.5px
  YEAR："1964-1968" x1 -> 16.25px
  YEAR："1964-1970" x1 -> 16.75px
  YEAR："1964-1972" x1 -> 16.75px
  YEAR："1965-1967" x1 -> 16.75px
  YEAR："1965-1968" x1 -> 16.5px
  YEAR："1965-1979" x1 -> 17px
  YEAR："1966-1972" x1 -> 17px
  YEAR："1967-1968" x1 -> 16.75px
  YEAR："1967-1969" x1 -> 16.75px
  YEAR："1968-1972" x1 -> 16.75px
  YEAR："1969-1977" x1 -> 17px
  YEAR："1969-2002" x1 -> 16px
  YEAR："1970-1973" x1 -> 17.25px
  YEAR："1970-1974" x1 -> 17.25px
  YEAR："1970-1977" x1 -> 17.5px
  YEAR："1973-1976" x2 -> 17.5px
  YEAR："1974-1981" x1 -> 17.5px
  YEAR："1974-1993" x1 -> 17px
  YEAR："1975-1977" x2 -> 17.5px
  YEAR："1975-1978" x1 -> 17.25px
  YEAR："1975-1979" x1 -> 17.25px
  YEAR："1975-2009" x1 -> 16.25px
  YEAR："1976-1987" x1 -> 17.25px
  YEAR："1977-1981" x1 -> 17.75px
  YEAR："1978-1979" x1 -> 17.25px
  YEAR："1978-1980" x2 -> 16.75px
  YEAR："1978-1983" x1 -> 16.75px
  YEAR："1978-1996" x1 -> 16.75px
  YEAR："1978-2002" x1 -> 16.25px
  YEAR："1979-1980" x1 -> 16.75px
  YEAR："1979-1999" x1 -> 16.75px
  YEAR："1980-1991" x2 -> 17px
  YEAR："1980-2010" x1 -> 16.5px
  YEAR："1981-1984" x1 -> 17px
  YEAR："1981-2003" x1 -> 16.5px
  YEAR："1982-1985" x1 -> 16.5px
  YEAR："1982-1986" x1 -> 16.5px
  YEAR："1982-1987" x2 -> 16.75px
  YEAR："1982-1994" x1 -> 16.5px
  YEAR："1982-1997" x1 -> 16.75px
  YEAR："1982-2005" x1 -> 16px
  YEAR："1982-2010" x1 -> 16.5px
  YEAR："1982-2026" x1 -> 16px
  YEAR："1984-1985" x1 -> 16.25px
  YEAR："1984-1986" x1 -> 16.25px
  YEAR："1984-1990" x1 -> 16.25px
  YEAR："1984-1992" x1 -> 16.5px
  YEAR："1986-1989" x1 -> 16.25px
  YEAR："1986-1991" x1 -> 17px
  YEAR："1986-2005" x1 -> 15.75px
  YEAR："1987-1993" x1 -> 16.75px
  YEAR："1987-2020" x1 -> 16.25px
  YEAR："1988-1991" x1 -> 17px
  YEAR："1988-1993" x2 -> 16.25px
  YEAR："1988-1996" x1 -> 16.25px
  YEAR："1988-2002" x1 -> 15.75px
  YEAR："1988-2004" x1 -> 15.75px
  YEAR："1989-1992" x1 -> 16.5px
  YEAR："1989-1995" x1 -> 16.5px
  YEAR："1989-1998" x1 -> 16.25px
  YEAR："1990-1994" x2 -> 16.5px
  YEAR："1990-1995" x1 -> 16.5px
  YEAR："1990-1996" x2 -> 16.5px
  YEAR："1991-1996" x1 -> 17.25px
  YEAR："1991-2004" x1 -> 16.5px
  YEAR："1991-2005" x1 -> 16.5px
  YEAR："1991-2007" x1 -> 17px
  YEAR："1992-1993" x2 -> 16.5px
  YEAR："1992-1994" x1 -> 16.5px
  YEAR："1992-1996" x1 -> 16.5px
  YEAR："1992-2005" x2 -> 16px
  YEAR："1992-2017" x1 -> 17px
  YEAR："1993-1997" x1 -> 16.75px
  YEAR："1993-1998" x1 -> 16.25px
  YEAR："1993-2004" x1 -> 15.75px
  YEAR："1995-1996" x1 -> 16.5px
  YEAR："1995-1997" x1 -> 16.75px
  YEAR："1995-1998" x1 -> 16.5px
  YEAR："1995-1999" x1 -> 16.5px
  YEAR："1995-2000" x1 -> 16px
  YEAR："1995-2001" x1 -> 16.5px
  YEAR："1995-2005" x3 -> 16px
  YEAR："1995-2006" x1 -> 16px
  YEAR："1996-2000" x1 -> 16px
  YEAR："1997-2008" x1 -> 16.25px
  YEAR："1998-2005" x1 -> 15.75px
  YEAR："1998-2010" x1 -> 16.5px
  YEAR："1998-2011" x1 -> 17.25px
  YEAR："1998-2017" x1 -> 16.75px
  YEAR："1998-2018" x1 -> 16.5px
  YEAR："1998-2019" x2 -> 16.5px
  YEAR："1998-2026" x1 -> 16px
  YEAR："1999-2014" x1 -> 16.5px
  YEAR："2000-2006" x1 -> 15.5px
  YEAR："2000-2015" x1 -> 16px
  YEAR："2000-2026" x1 -> 15.5px
  YEAR："2001-2005" x1 -> 16px
  YEAR："2002-2007" x1 -> 15.75px
  YEAR："2002-2009" x1 -> 15.5px
  YEAR："2002-2024" x2 -> 15.5px
  YEAR："2002-2026" x1 -> 15.5px
  YEAR："2003-2009" x1 -> 15.25px
  YEAR："2003-2010" x1 -> 16px
  YEAR："2003-2026" x2 -> 15.5px
  YEAR："2004-2006" x1 -> 15.25px
  YEAR："2004-2007" x1 -> 15.75px
  YEAR："2004-2023" x1 -> 15.5px
  YEAR："2004-2026" x1 -> 15.5px
  YEAR："2005-2008" x1 -> 15.25px
  YEAR："2005-2010" x1 -> 16px
  YEAR："2005-2019" x1 -> 16px
  YEAR："2005-2020" x1 -> 15.5px
  YEAR："2005-2026" x1 -> 15.5px
  YEAR："2006-2009" x3 -> 15.5px
  YEAR："2006-2011" x1 -> 16.75px
  YEAR："2006-2026" x1 -> 15.5px
  YEAR："2007-2009" x1 -> 15.75px
  YEAR："2007-2010" x1 -> 16.25px
  YEAR："2007-2012" x1 -> 16.5px
  YEAR："2007-2016" x2 -> 16.25px
  YEAR："2007-2018" x1 -> 16.25px
  YEAR："2007-2019" x1 -> 16.25px
  YEAR："2007-2026" x2 -> 15.75px
  YEAR："2008-2009" x1 -> 15.25px
  YEAR："2008-2012" x1 -> 16px
  YEAR："2008-2013" x1 -> 16px
  YEAR："2008-2014" x1 -> 16px
  YEAR："2008-2023" x1 -> 15.5px
  YEAR："2008-2024" x1 -> 15.5px
  YEAR："2008-2026" x2 -> 15.5px
  YEAR："2009-2014" x2 -> 16px
  YEAR："2009-2016" x1 -> 16px
  YEAR："2009-2017" x1 -> 16.25px
  YEAR："2009-2020" x2 -> 15.5px
  YEAR："2009-2024" x1 -> 15.5px
  YEAR："2010-2026" x1 -> 16px
  YEAR："2011-2017" x2 -> 17.75px
  YEAR："2011-2025" x1 -> 16.75px
  YEAR："2011-2026" x2 -> 16.75px
  YEAR："2012-2015" x2 -> 16.75px
  YEAR："2012-2017" x1 -> 17px
  YEAR："2012-2019" x3 -> 16.75px
  YEAR："2013-2016" x2 -> 16.75px
  YEAR："2013-2020" x1 -> 16px
  YEAR："2013-2022" x1 -> 16.25px
  YEAR："2014-2019" x1 -> 16.75px
  YEAR："2015-2016" x1 -> 16.75px
  YEAR："2015-2019" x1 -> 16.75px
  YEAR："2015-2026" x1 -> 16.25px
  YEAR："2016-2019" x1 -> 16.75px
  YEAR："2016-2021" x1 -> 16.75px
  YEAR："2016-2023" x1 -> 16px
  YEAR："2016-2026" x1 -> 16px
  YEAR："2017-2020" x2 -> 16.25px
  YEAR："2017-2022" x1 -> 16.5px
  YEAR："2017-2023" x1 -> 16.25px
  YEAR："2018-2019" x2 -> 16.5px
  YEAR："2018-2020" x1 -> 16px
  YEAR："2018-2026" x4 -> 16px
  YEAR："2019-2024" x1 -> 16px
  YEAR："2019-2026" x2 -> 16px
  YEAR："2020-2022" x1 -> 15.75px
  YEAR："2020-2024" x1 -> 15.5px
  YEAR："2020-2026" x2 -> 15.5px
  YEAR："2021-2026" x1 -> 16.25px
  YEAR："2022-2024" x1 -> 15.75px
  YEAR："2022-2026" x3 -> 15.75px
  YEAR："2023-2025" x1 -> 15.5px
  YEAR："2023-2026" x2 -> 15.5px
  YEAR："2024-2026" x4 -> 15.5px
  YEAR："2025-2026" x1 -> 15.5px
字体自动缩小汇总 output_004.html：241 处
  按列统计：TYPE=48, YEAR=193
  TYPE："Cnv/Cpe Inc:Cabrio" x1 -> 15.5px
  TYPE："Conv/Cpe F85/Cut" x1 -> 16px
  TYPE："Conv/Targa/Coupe" x1 -> 16px
  TYPE："Convertible/Coupe" x2 -> 15.75px
  TYPE："Coupe GT3/Turbo" x1 -> 17.25px
  TYPE："Coupe Incl: Koup" x1 -> 17.75px
  TYPE："Coupe Turbo/GT3" x1 -> 17.25px
  TYPE："Coupe/Conv Inc:PHEV" x1 -> 13.5px
  TYPE："Coupe/Conv Inc:RF" x1 -> 15.5px
  TYPE："Coupe/Conv/Roadster" x1 -> 13.25px
  TYPE："Coupe/Convertible" x4 -> 15.75px
  TYPE："Cpe Inc:Ciera/Supr" x1 -> 15.75px
  TYPE："Cpe/Conv Inc:soft/RF" x1 -> 13.75px
  TYPE："Cpe/Conv/T Inc:GT3" x1 -> 15px
  TYPE："Cpe/Lbk/Fbk Inc:GT" x1 -> 15px
  TYPE："Cpe/Rdst GT2/Dkr" x1 -> 16.5px
  TYPE："Hatch SportCoupe" x1 -> 16.25px
  TYPE："Hatchback Forte5" x1 -> 16.75px
  TYPE："Hatchback Protege5" x1 -> 14.5px
  TYPE："Hbk/Lbk Inc:Exec LWB" x1 -> 13.25px
  TYPE："Lbk/Sbk Inc:Exec LWB" x1 -> 13.5px
  TYPE："Rdstr/Conv Inc:XLR-V" x1 -> 13.75px
  TYPE："Roadster Inc:AMG" x2 -> 16.75px
  TYPE："Sdn AMG/4-door coupe" x1 -> 12.75px
  TYPE："Sdn Inc:AMG/Maybach" x1 -> 13.25px
  TYPE："Sdn Inc:F85/Cutlass" x1 -> 14.75px
  TYPE："Sdn Inc:Hybrid/PHEV" x1 -> 14.25px
  TYPE："Sdn Inc:PHEV/Blkwng" x1 -> 13.5px
  TYPE："Sdn RWD/Supreme/FWD" x1 -> 12px
  TYPE："Sedan AMG/PHEV" x1 -> 16.75px
  TYPE："Sedan F85/Cutlass" x1 -> 15.75px
  TYPE："Sedan Inc:AMG/LWB" x1 -> 14.5px
  TYPE："Sedan Inc:AMG/PHEV" x1 -> 14px
  TYPE："Sedan Inc:Blackwing" x1 -> 14.25px
  TYPE："Sedan Inc:STS/SLS" x1 -> 15.75px
  TYPE："Sedan Inc:Turbo GT" x1 -> 15.75px
  TYPE："SUV Inc:Diesel/AMG" x1 -> 14.75px
  TYPE："SUV/CUV Inc:AMG" x1 -> 16.5px
  TYPE："Wagon Inc:AllTerrain" x1 -> 14.5px
  TYPE："Wagon/Hatch 5-door" x1 -> 14.25px
  TYPE："Wagon/Hatch Inc:EV" x1 -> 14.5px
  TYPE："Wgn F85/Cut/Ciera" x1 -> 15.5px
  TYPE："Wgn Inc:Crs/SprtT" x1 -> 16.5px
  YEAR："1949-1958" x1 -> 16.5px
  YEAR："1951-1953" x1 -> 17.25px
  YEAR："1954-1957" x1 -> 16.75px
  YEAR："1954-1958" x1 -> 16.5px
  YEAR："1955-1971" x1 -> 17.5px
  YEAR："1957-1963" x1 -> 16.75px
  YEAR："1961-1965" x1 -> 17.25px
  YEAR："1961-1996" x1 -> 17.25px
  YEAR："1962-1967" x1 -> 17px
  YEAR："1962-1983" x1 -> 16.5px
  YEAR："1964-1973" x1 -> 16.75px
  YEAR："1965-1976" x1 -> 17px
  YEAR："1965-2004" x1 -> 16px
  YEAR："1968-1977" x1 -> 17px
  YEAR："1972-1985" x1 -> 16.75px
  YEAR："1972-2012" x1 -> 17.25px
  YEAR："1976-2004" x1 -> 16.25px
  YEAR："1976-2005" x1 -> 16.5px
  YEAR："1977-1979" x2 -> 17.5px
  YEAR："1978-1999" x1 -> 16.75px
  YEAR："1979-1985" x1 -> 16.75px
  YEAR："1979-1995" x1 -> 17px
  YEAR："1983-1989" x1 -> 16.25px
  YEAR："1983-2001" x1 -> 16.5px
  YEAR："1984-1993" x1 -> 16.25px
  YEAR："1984-1997" x1 -> 16.75px
  YEAR："1985-1988" x2 -> 16.25px
  YEAR："1986-1988" x1 -> 16.25px
  YEAR："1986-1989" x2 -> 16.25px
  YEAR："1986-1999" x1 -> 16.25px
  YEAR："1989-1991" x1 -> 17px
  YEAR："1989-2005" x1 -> 15.75px
  YEAR："1990-1996" x1 -> 16.5px
  YEAR："1990-1997" x1 -> 16.75px
  YEAR："1990-2003" x1 -> 16px
  YEAR："1990-2026" x2 -> 16px
  YEAR："1991-1993" x1 -> 17.25px
  YEAR："1991-2001" x1 -> 17.25px
  YEAR："1991-2002" x1 -> 16.75px
  YEAR："1992-1997" x1 -> 17px
  YEAR："1992-1998" x2 -> 16.5px
  YEAR："1992-2002" x1 -> 16px
  YEAR："1993-1997" x1 -> 16.75px
  YEAR："1994-1999" x1 -> 16.5px
  YEAR："1994-2001" x1 -> 16.5px
  YEAR："1994-2009" x1 -> 15.75px
  YEAR："1994-2014" x1 -> 16.5px
  YEAR："1994-2020" x1 -> 16px
  YEAR："1994-2023" x1 -> 16px
  YEAR："1994-2026" x1 -> 16px
  YEAR："1995-1996" x1 -> 16.5px
  YEAR："1995-2000" x1 -> 16px
  YEAR："1995-2002" x1 -> 16px
  YEAR："1995-2003" x1 -> 16px
  YEAR："1995-2006" x1 -> 16px
  YEAR："1995-2022" x1 -> 16.25px
  YEAR："1995-2026" x1 -> 16px
  YEAR："1997-2001" x1 -> 17px
  YEAR："1997-2002" x1 -> 16.25px
  YEAR："1997-2025" x1 -> 16.25px
  YEAR："1998-2001" x1 -> 16.5px
  YEAR："1998-2002" x1 -> 16px
  YEAR："1998-2009" x1 -> 15.75px
  YEAR："1998-2014" x1 -> 16.5px
  YEAR："1998-2015" x2 -> 16.5px
  YEAR："1998-2016" x1 -> 16.5px
  YEAR："1999-2000" x1 -> 16px
  YEAR："1999-2004" x2 -> 15.75px
  YEAR："2000-2004" x1 -> 15.25px
  YEAR："2000-2005" x1 -> 15.5px
  YEAR："2000-2006" x1 -> 15.5px
  YEAR："2000-2009" x1 -> 15.5px
  YEAR："2001-2011" x1 -> 17.5px
  YEAR："2001-2020" x1 -> 16px
  YEAR："2001-2023" x2 -> 16px
  YEAR："2002-2003" x1 -> 15.5px
  YEAR："2002-2004" x2 -> 15.5px
  YEAR："2002-2005" x2 -> 15.5px
  YEAR："2002-2006" x1 -> 15.5px
  YEAR："2002-2010" x1 -> 16px
  YEAR："2002-2024" x1 -> 15.5px
  YEAR："2002-2026" x1 -> 15.5px
  YEAR："2003-2007" x2 -> 15.75px
  YEAR："2003-2012" x1 -> 16px
  YEAR："2003-2013" x1 -> 16px
  YEAR："2003-2026" x4 -> 15.5px
  YEAR："2004-2009" x3 -> 15.25px
  YEAR："2005-2011" x1 -> 16.75px
  YEAR："2005-2026" x1 -> 15.5px
  YEAR："2006-2009" x1 -> 15.5px
  YEAR："2006-2011" x1 -> 16.75px
  YEAR："2006-2023" x1 -> 15.5px
  YEAR："2007-2009" x1 -> 15.75px
  YEAR："2007-2010" x3 -> 16.25px
  YEAR："2007-2011" x1 -> 17px
  YEAR："2007-2012" x1 -> 16.5px
  YEAR："2007-2013" x1 -> 16.25px
  YEAR："2007-2016" x1 -> 16.25px
  YEAR："2007-2020" x1 -> 15.75px
  YEAR："2007-2023" x1 -> 15.75px
  YEAR："2007-2026" x2 -> 15.75px
  YEAR："2008-2009" x1 -> 15.25px
  YEAR："2008-2026" x1 -> 15.5px
  YEAR："2009-2011" x1 -> 16.75px
  YEAR："2009-2025" x1 -> 15.5px
  YEAR："2010-2014" x1 -> 16.75px
  YEAR："2010-2016" x3 -> 16.75px
  YEAR："2010-2024" x1 -> 16px
  YEAR："2010-2025" x1 -> 16.25px
  YEAR："2010-2026" x1 -> 16px
  YEAR："2011-2015" x2 -> 17.5px
  YEAR："2012-2015" x2 -> 16.75px
  YEAR："2013-2019" x1 -> 16.75px
  YEAR："2013-2020" x2 -> 16px
  YEAR："2013-2026" x1 -> 16px
  YEAR："2014-2016" x1 -> 16.75px
  YEAR："2014-2017" x1 -> 17px
  YEAR："2014-2018" x1 -> 16.5px
  YEAR："2014-2019" x1 -> 16.75px
  YEAR："2014-2020" x2 -> 16px
  YEAR："2014-2027" x1 -> 16.25px
  YEAR："2015-2019" x2 -> 16.75px
  YEAR："2015-2020" x1 -> 16.25px
  YEAR："2015-2026" x3 -> 16.25px
  YEAR："2016-2020" x1 -> 16px
  YEAR："2016-2021" x1 -> 16.75px
  YEAR："2016-2023" x1 -> 16px
  YEAR："2016-2026" x3 -> 16px
  YEAR："2017-2020" x1 -> 16.25px
  YEAR："2017-2026" x4 -> 16.25px
  YEAR："2018-2023" x2 -> 16px
  YEAR："2019-2022" x1 -> 16.25px
  YEAR："2019-2025" x1 -> 16.25px
  YEAR："2019-2026" x1 -> 16px
  YEAR："2020-2025" x1 -> 15.5px
  YEAR："2020-2026" x6 -> 15.5px
  YEAR："2021-2025" x1 -> 16.25px
  YEAR："2021-2026" x3 -> 16.25px
  YEAR："2022-2023" x1 -> 15.75px
  YEAR："2022-2025" x1 -> 15.75px
  YEAR："2022-2026" x3 -> 15.75px
  YEAR："2023-2026" x3 -> 15.5px
  YEAR："2024-2026" x3 -> 15.5px
  YEAR："2025-2026" x3 -> 15.5px
字体自动缩小汇总 output_005.html：235 处
  按列统计：TYPE=32, YEAR=203
  TYPE："Cnv/Cpe Inc:V6/V8" x1 -> 16px
  TYPE："Cnv/Cpe Inc:XKR" x1 -> 17.5px
  TYPE："Conv/Coupe Inc:M4" x1 -> 15.25px
  TYPE："Conv/Cpe Inc:RedSpt" x1 -> 14px
  TYPE："Convertible/Coupe" x3 -> 15.75px
  TYPE："Coupe Inc:Type S" x1 -> 17.75px
  TYPE："Coupe/Conv Inc:M2" x1 -> 15.5px
  TYPE："Coupe/Convertible" x7 -> 15.75px
  TYPE："Cpe SUV/CUV Inc:M35i" x1 -> 13.25px
  TYPE："CUV/SUV Inc:Perf" x1 -> 17px
  TYPE："Hatchback Inc:GT" x1 -> 17px
  TYPE："Hatchback/Wagon" x2 -> 16px
  TYPE："Sedan Gran Coupe" x4 -> 16.25px
  TYPE："Sedan Inc:GT/GTS" x1 -> 16.75px
  TYPE："Sedan Inc:LWB/SWB" x1 -> 14.5px
  TYPE："Sedan Inc:Quadri" x1 -> 17.75px
  TYPE："Sedan Inc:RedSpt" x1 -> 17px
  TYPE："Sedan Type-S/SH-AWD" x1 -> 13px
  TYPE："Wagon Sportbrake" x1 -> 16.25px
  TYPE："Wagon/Hatch Inc:GT" x1 -> 14.5px
  YEAR："1960-1966" x2 -> 17.75px
  YEAR："1960-1986" x1 -> 17.5px
  YEAR："1975-1988" x1 -> 16.75px
  YEAR："1976-1996" x1 -> 17px
  YEAR："1977-1999" x1 -> 17px
  YEAR："1977-2019" x1 -> 17.25px
  YEAR："1978-1986" x1 -> 16.75px
  YEAR："1979-1998" x1 -> 16.75px
  YEAR："1979-2019" x1 -> 17px
  YEAR："1984-2011" x1 -> 17.25px
  YEAR："1986-1990" x1 -> 16.25px
  YEAR："1986-1993" x1 -> 16.25px
  YEAR："1986-1998" x1 -> 16.25px
  YEAR："1987-1988" x2 -> 17.75px
  YEAR："1987-1995" x1 -> 16.75px
  YEAR："1987-2008" x1 -> 16px
  YEAR："1988-1998" x3 -> 17.5px
  YEAR："1989-1998" x1 -> 17.5px
  YEAR："1989-2010" x1 -> 16.5px
  YEAR："1990-1992" x1 -> 16.5px
  YEAR："1990-2001" x1 -> 16.5px
  YEAR："1990-2006" x1 -> 16px
  YEAR："1990-2026" x1 -> 16px
  YEAR："1991-1995" x1 -> 17.25px
  YEAR："1991-2002" x1 -> 16.75px
  YEAR："1991-2005" x1 -> 16.5px
  YEAR："1991-2012" x1 -> 17.5px
  YEAR："1991-2026" x1 -> 16.75px
  YEAR："1992-1998" x1 -> 17.75px
  YEAR："1992-2000" x1 -> 16px
  YEAR："1992-2010" x1 -> 16.75px
  YEAR："1993-1997" x1 -> 16.75px
  YEAR："1994-2001" x1 -> 16.5px
  YEAR："1996-1998" x1 -> 16.25px
  YEAR："1996-1999" x2 -> 16.5px
  YEAR："1996-2002" x1 -> 16px
  YEAR："1996-2004" x1 -> 15.75px
  YEAR："1996-2026" x1 -> 16px
  YEAR："1997-2003" x2 -> 16.25px
  YEAR："1997-2015" x1 -> 17px
  YEAR："1998-2020" x1 -> 16px
  YEAR："1999-2000" x4 -> 17px
  YEAR："1999-2009" x3 -> 16px
  YEAR："1999-2011" x2 -> 17.25px
  YEAR："1999-2013" x1 -> 17.75px
  YEAR："1999-2014" x1 -> 16.5px
  YEAR："1999-2018" x1 -> 17.75px
  YEAR："1999-2026" x1 -> 17.25px
  YEAR："2000-2004" x1 -> 15.25px
  YEAR："2000-2005" x1 -> 15.5px
  YEAR："2000-2006" x1 -> 15.5px
  YEAR："2000-2008" x1 -> 15.25px
  YEAR："2000-2013" x1 -> 16px
  YEAR："2001-2013" x1 -> 16.75px
  YEAR："2001-2026" x1 -> 16px
  YEAR："2001-2026" x1 -> 17.25px
  YEAR："2002-2006" x1 -> 15.5px
  YEAR："2002-2008" x1 -> 15.5px
  YEAR："2002-2010" x1 -> 16px
  YEAR："2002-2013" x1 -> 17.25px
  YEAR："2003-2008" x2 -> 15.25px
  YEAR："2003-2013" x4 -> 16px
  YEAR："2003-2026" x1 -> 15.5px
  YEAR："2004-2006" x2 -> 15.25px
  YEAR："2004-2012" x2 -> 17.25px
  YEAR："2004-2013" x1 -> 16px
  YEAR："2004-2014" x1 -> 16px
  YEAR："2004-2015" x1 -> 16px
  YEAR："2004-2026" x2 -> 15.5px
  YEAR："2005-2008" x1 -> 15.25px
  YEAR："2005-2016" x1 -> 16px
  YEAR："2006-2011" x1 -> 16.75px
  YEAR："2006-2015" x1 -> 16px
  YEAR："2006-2026" x1 -> 16.75px
  YEAR："2007-2009" x1 -> 15.75px
  YEAR："2007-2018" x1 -> 17.5px
  YEAR："2007-2019" x1 -> 16.25px
  YEAR："2007-2026" x2 -> 15.75px
  YEAR："2008-2013" x2 -> 16px
  YEAR："2008-2014" x1 -> 16px
  YEAR："2008-2019" x1 -> 17.25px
  YEAR："2008-2026" x1 -> 15.5px
  YEAR："2009-2021" x1 -> 16px
  YEAR："2009-2024" x1 -> 15.5px
  YEAR："2009-2026" x2 -> 15.5px
  YEAR："2010-2011" x1 -> 17.5px
  YEAR："2010-2012" x1 -> 16.75px
  YEAR："2010-2015" x1 -> 16.75px
  YEAR："2010-2025" x1 -> 16.25px
  YEAR："2010-2026" x3 -> 16px
  YEAR："2011-2014" x2 -> 17.25px
  YEAR："2011-2017" x1 -> 17.75px
  YEAR："2011-2026" x1 -> 16.75px
  YEAR："2012-2015" x1 -> 16.75px
  YEAR："2012-2026" x2 -> 16.25px
  YEAR："2013-2016" x1 -> 16.75px
  YEAR："2013-2019" x1 -> 16.75px
  YEAR："2013-2022" x1 -> 16.25px
  YEAR："2013-2026" x2 -> 16px
  YEAR："2014-2017" x1 -> 17px
  YEAR："2014-2019" x1 -> 16.75px
  YEAR："2014-2020" x2 -> 16px
  YEAR："2014-2021" x1 -> 16.75px
  YEAR："2014-2022" x1 -> 16.25px
  YEAR："2014-2024" x2 -> 16px
  YEAR："2014-2025" x1 -> 16px
  YEAR："2014-2026" x4 -> 16px
  YEAR："2015-2019" x1 -> 16.75px
  YEAR："2015-2020" x2 -> 16.25px
  YEAR："2015-2020" x1 -> 17.25px
  YEAR："2015-2022" x2 -> 17.5px
  YEAR："2015-2025" x2 -> 16.25px
  YEAR："2015-2026" x3 -> 16.25px
  YEAR："2016-2026" x1 -> 16px
  YEAR："2017-2019" x1 -> 17px
  YEAR："2017-2020" x1 -> 16.25px
  YEAR："2017-2022" x1 -> 16.5px
  YEAR："2017-2023" x1 -> 16.25px
  YEAR："2017-2025" x1 -> 16.5px
  YEAR："2017-2026" x5 -> 16.25px
  YEAR："2018-2019" x1 -> 16.5px
  YEAR："2018-2020" x1 -> 16px
  YEAR："2018-2024" x1 -> 16px
  YEAR："2018-2026" x3 -> 16px
  YEAR："2019-2024" x1 -> 16px
  YEAR："2019-2026" x3 -> 16px
  YEAR："2019-2026" x1 -> 17.25px
  YEAR："2020-2021" x1 -> 16.25px
  YEAR："2020-2024" x1 -> 16.75px
  YEAR："2020-2026" x3 -> 15.5px
  YEAR："2020-2026" x2 -> 16.75px
  YEAR："2021-2022" x1 -> 16.25px
  YEAR："2021-2025" x2 -> 16.25px
  YEAR："2021-2026" x1 -> 16.25px
  YEAR："2022-2025" x1 -> 15.75px
  YEAR："2022-2026" x4 -> 15.75px
  YEAR："2022-2026" x1 -> 16.75px
  YEAR："2023-2025" x1 -> 15.5px
  YEAR："2023-2026" x5 -> 15.5px
  YEAR："2023-2026" x2 -> 16.75px
  YEAR："2024-2026" x3 -> 15.5px
  YEAR："2024-2026" x1 -> 16.75px
  YEAR："2025-2026" x2 -> 15.5px
字体自动缩小汇总 output_006.html：77 处
  按列统计：YEAR=77
  YEAR："1987-2004" x1 -> 17.5px
  YEAR："1990-1999" x1 -> 17.75px
  YEAR："1992-1996" x3 -> 17.75px
  YEAR："1994-1998" x1 -> 17.5px
  YEAR："1994-2001" x1 -> 17.75px
  YEAR："1994-2002" x1 -> 17.25px
  YEAR："1994-2003" x1 -> 17px
  YEAR："1994-2026" x2 -> 17.25px
  YEAR："1995-2004" x1 -> 17px
  YEAR："1997-2003" x1 -> 17.5px
  YEAR："1997-2026" x1 -> 17.5px
  YEAR："1998-2001" x1 -> 17.75px
  YEAR："1999-2000" x1 -> 17px
  YEAR："1999-2006" x1 -> 17px
  YEAR："1999-2007" x1 -> 17.5px
  YEAR："1999-2010" x1 -> 17.75px
  YEAR："1999-2013" x1 -> 17.75px
  YEAR："1999-2016" x2 -> 17.75px
  YEAR："1999-2026" x1 -> 17.25px
  YEAR："2000-2006" x1 -> 16.5px
  YEAR："2000-2017" x1 -> 17.5px
  YEAR："2001-2005" x1 -> 17.25px
  YEAR："2001-2026" x3 -> 17.25px
  YEAR："2002-2004" x2 -> 16.5px
  YEAR："2002-2018" x1 -> 17.25px
  YEAR："2002-2026" x2 -> 16.75px
  YEAR："2003-2026" x1 -> 16.75px
  YEAR："2004-2008" x1 -> 16.5px
  YEAR："2004-2012" x2 -> 17.25px
  YEAR："2004-2026" x3 -> 16.5px
  YEAR："2005-2018" x1 -> 17.25px
  YEAR："2005-2023" x1 -> 16.75px
  YEAR："2005-2026" x4 -> 16.75px
  YEAR："2006-2014" x1 -> 17.25px
  YEAR："2007-2017" x1 -> 17.75px
  YEAR："2007-2018" x2 -> 17.5px
  YEAR："2007-2026" x1 -> 17px
  YEAR："2009-2018" x1 -> 17.25px
  YEAR："2009-2023" x1 -> 16.75px
  YEAR："2009-2026" x2 -> 16.75px
  YEAR："2010-2026" x1 -> 17.25px
  YEAR："2015-2020" x1 -> 17.25px
  YEAR："2015-2022" x2 -> 17.5px
  YEAR："2015-2026" x1 -> 17.25px
  YEAR："2017-2026" x4 -> 17.5px
  YEAR："2019-2023" x1 -> 17.25px
  YEAR："2019-2026" x4 -> 17.25px
  YEAR："2020-2026" x1 -> 16.75px
  YEAR："2022-2026" x2 -> 16.75px
  YEAR："2023-2026" x1 -> 16.75px
  YEAR："2024-2026" x2 -> 16.75px
  YEAR："2025-2026" x1 -> 16.75px
